<?xml version="1.0" encoding="UTF-8"?>
<!-- Generated by org.testng.reporters.JUnitReportReporter -->
<testsuite hostname="DESKTOP-U0KETTA" failures="0" tests="4" name="api.test.UserTests2" time="13.591" errors="0" timestamp="2024-08-28T12:19:16 IST" skipped="0">
  <testcase classname="api.test.UserTests2" name="TestPostUser" time="7.515"/>
  <system-out/>
  <testcase classname="api.test.UserTests2" name="testgetUserbyName" time="1.570"/>
  <system-out/>
  <testcase classname="api.test.UserTests2" name="testUpdateUser" time="3.084"/>
  <system-out/>
  <testcase classname="api.test.UserTests2" name="testDeleteUser" time="1.422"/>
  <system-out/>
</testsuite> <!-- api.test.UserTests2 -->
