<?xml version="1.0" encoding="UTF-8"?>
<!-- Generated by org.testng.reporters.JUnitReportReporter -->
<testsuite hostname="DESKTOP-U0KETTA" failures="0" tests="6" name="api.test.DataDrivenTest" time="15.803" errors="0" timestamp="2024-08-28T11:59:12 IST" skipped="0">
  <testcase classname="api.test.DataDrivenTest" name="testPostuser" time="8.170"/>
  <system-out/>
  <testcase classname="api.test.DataDrivenTest" name="testPostuser" time="1.486"/>
  <system-out/>
  <testcase classname="api.test.DataDrivenTest" name="testPostuser" time="1.542"/>
  <system-out/>
  <testcase classname="api.test.DataDrivenTest" name="delete_users" time="1.565"/>
  <system-out/>
  <testcase classname="api.test.DataDrivenTest" name="delete_users" time="1.486"/>
  <system-out/>
  <testcase classname="api.test.DataDrivenTest" name="delete_users" time="1.554"/>
  <system-out/>
</testsuite> <!-- api.test.DataDrivenTest -->
