<?xml version="1.0" encoding="UTF-8"?>
<!-- Generated by org.testng.reporters.JUnitReportReporter -->
<testsuite hostname="DESKTOP-U0KETTA" failures="0" tests="4" name="api.test.UserTests" time="7.274" errors="0" timestamp="2024-08-28T11:59:12 IST" skipped="0">
  <testcase classname="api.test.UserTests" name="TestPostUser" time="1.472"/>
  <system-out/>
  <testcase classname="api.test.UserTests" name="testgetUserbyName" time="1.419"/>
  <system-out/>
  <testcase classname="api.test.UserTests" name="testUpdateUser" time="2.930"/>
  <system-out/>
  <testcase classname="api.test.UserTests" name="testDeleteUser" time="1.453"/>
  <system-out/>
</testsuite> <!-- api.test.UserTests -->
