<?xml version="1.0" encoding="UTF-8"?>
<!-- Generated by org.testng.reporters.JUnitReportReporter -->
<testsuite hostname="DESKTOP-U0KETTA" failures="0" tests="4" name="api.test.UserTests2" time="12.904" errors="0" timestamp="2024-08-28T15:43:17 IST" skipped="0">
  <testcase classname="api.test.UserTests2" name="TestPostUser" time="6.879"/>
  <testcase classname="api.test.UserTests2" name="testgetUserbyName" time="1.555"/>
  <testcase classname="api.test.UserTests2" name="testUpdateUser" time="3.053"/>
  <testcase classname="api.test.UserTests2" name="testDeleteUser" time="1.417"/>
</testsuite> <!-- api.test.UserTests2 -->
